# FILE TYPE: DIY Calculator List (*.lst) file
# GENERATED: DIY Calculator Assembler V2.0
# DATE-TIME: Mar 31 14:47:18 2016
# SOURCEWAS: C:\Users\Tboy Simple\Desktop\Education\2nd year\2nd semester\Hardware Programming\DIY Calculator\Work\11th.asm

INSTBYTES: 9
DATABYTES: 0

LINE  ADDR   DATA      LABEL   OPCODE OPERAND
----- ---- --------  --------- ------ -------
00001                          .ORG   $4000
00002 4000 91 F0 00  HERE:     LDA    [$F000]
00003 4003 99 F0 20            STA    [$F020]
00004 4006 C1 40 00            JMP    [HERE]
00005                          .END



CONSTANT LABELS CROSS-REFERENCE

  NAME     VALUE   LINE NUMBERS WHERE USED (* INDICATES DECLARATION)
-------- --------- ---------------------------------------------------



ADDRESS LABELS CROSS-REFERENCE

  NAME     VALUE   LINE NUMBERS WHERE USED (* INDICATES DECLARATION)
-------- --------- ---------------------------------------------------
HERE     ....4000  00002* 00004  
