# FILE TYPE: DIY Calculator List (*.lst) file
# GENERATED: DIY Calculator Assembler V2.0
# DATE-TIME: Mar 31 15:33:42 2016
# SOURCEWAS: C:\Users\Tboy Simple\Desktop\Education\2nd year\2nd semester\Hardware Programming\DIY Calculator\Work\12th.asm

INSTBYTES: 24
DATABYTES: 0

LINE  ADDR   DATA      LABEL   OPCODE OPERAND
----- ---- --------  --------- ------ -------
00001                          .ORG   $4000
00002 4000 90 01     START:    LDA    %00000001
00003 4002 99 F0 20  LEFT:     STA    [$F020]
00004 4005 70                  SHL    
00005 4006 D9 40 0C            JN     [RIGHT]
00006 4009 C1 40 02            JMP    [LEFT]
00007 400C 99 F0 20  RIGHT:    STA    [$F020]
00008 400F 71                  SHR    
00009 4010 30 7F               AND    %01111111
00010 4012 D1 40 00            JZ     [START]
00011 4015 C1 40 0C            JMP    [RIGHT]
00012                          .END



CONSTANT LABELS CROSS-REFERENCE

  NAME     VALUE   LINE NUMBERS WHERE USED (* INDICATES DECLARATION)
-------- --------- ---------------------------------------------------



ADDRESS LABELS CROSS-REFERENCE

  NAME     VALUE   LINE NUMBERS WHERE USED (* INDICATES DECLARATION)
-------- --------- ---------------------------------------------------
LEFT     ....4002  00003* 00006  
RIGHT    ....400C  00005  00007* 00011  
START    ....4000  00002* 00010  
