# FILE TYPE: DIY Calculator List (*.lst) file
# GENERATED: DIY Calculator Assembler V2.0
# DATE-TIME: Mar 10 14:53:35 2016
# SOURCEWAS: C:\DIY Calculator\Work\3rd.asm

INSTBYTES: 12
DATABYTES: 0

LINE  ADDR   DATA      LABEL   OPCODE OPERAND
----- ---- --------  --------- ------ -------
00001                          .ORG   $4000
00002 4000 90 09               LDA    $09
00003 4002 99 F0 31  LOOP:     STA    [$F031]
00004 4005 81                  DECA   
00005 4006 D1 00 00            JZ     [$0000]
00006 4009 C1 40 02            JMP    [LOOP]
00007                          .END



CONSTANT LABELS CROSS-REFERENCE

  NAME     VALUE   LINE NUMBERS WHERE USED (* INDICATES DECLARATION)
-------- --------- ---------------------------------------------------



ADDRESS LABELS CROSS-REFERENCE

  NAME     VALUE   LINE NUMBERS WHERE USED (* INDICATES DECLARATION)
-------- --------- ---------------------------------------------------
LOOP     ....4002  00003* 00006  
