# FILE TYPE: DIY Calculator List (*.lst) file
# GENERATED: DIY Calculator Assembler V2.0
# DATE-TIME: May 08 22:06:37 2018
# SOURCEWAS: C:\Users\Eng. Simple\Desktop\fat2.asm

INSTBYTES: 55
DATABYTES: 3

LINE  ADDR   DATA      LABEL   OPCODE OPERAND
----- ---- --------  --------- ------ -------
00001                          .ORG   $4000
00002 4000 50 EF FF            BLDSP  $EFFF
00003 4003 91 F0 00            LDA    [$F000]
00004 4006 99 40 37            STA    [A]
00005 4009 91 F0 01            LDA    [$F001]
00006 400C 99 40 38            STA    [B]
00007 400F C9 40 1B            JSR    [DIFF]
00008 4012 91 40 39            LDA    [C]
00009 4015 99 F0 20            STA    [$F020]
00010 4018 C1 00 00            JMP    [$0000]
00011
00012 401B 91 40 38  DIFF:     LDA    [B]
00013 401E 61 40 37            CMPA   [A]
00014 4021 E1 40 30            JC     [CAR]
00015 4024 91 40 37            LDA    [A]
00016 4027 21 40 38            SUB    [B]
00017 402A 99 40 39            STA    [C]
00018 402D C1 40 36            JMP    [NEXT]
00019 4030 21 40 37  CAR:      SUB    [A]
00020 4033 99 40 39            STA    [C]
00021 4036 CF        NEXT:     RTS    
00022
00023 4037 00        A:        .BYTE  
00024 4038 00        B:        .BYTE  
00025 4039 00        C:        .BYTE  
00026                          .END



CONSTANT LABELS CROSS-REFERENCE

  NAME     VALUE   LINE NUMBERS WHERE USED (* INDICATES DECLARATION)
-------- --------- ---------------------------------------------------



ADDRESS LABELS CROSS-REFERENCE

  NAME     VALUE   LINE NUMBERS WHERE USED (* INDICATES DECLARATION)
-------- --------- ---------------------------------------------------
A        ....4037  00004  00013  00015  00019  00023* 
B        ....4038  00006  00012  00016  00024* 
C        ....4039  00008  00017  00020  00025* 
CAR      ....4030  00014  00019* 
DIFF     ....401B  00007  00012* 
NEXT     ....4036  00018  00021* 
